<?xml version="1.0" encoding="UTF-8"?>
<web-app xmlns:xsi="http://www.w3.org/2001/XMLSchema-instance"
         xmlns="http://java.sun.com/xml/ns/javaee"
         xmlns:web="http://java.sun.com/xml/ns/javaee/web-app_2_5.xsd"
         xsi:schemaLocation="
  http://java.sun.com/xml/ns/javaee 
  http://java.sun.com/xml/ns/javaee/web-app_3_0.xsd"
         id="WebApp_ID" version="3.0">

    <listener>
        <listener-class>
            org.springframework.web.context.ContextLoaderListener
        </listener-class>
    </listener>

    <context-param>
        <param-name>contextConfigLocation</param-name>
        <param-value>
            classpath:/META-INF/test-spring-context.xml
        </param-value>
    </context-param>

    <!-- Handles all requests into the application -->
    <servlet>
        <servlet-name>Spring MVC Dispatcher Servlet</servlet-name>
        <servlet-class>
            org.springframework.web.servlet.DispatcherServlet
        </servlet-class>
        <init-param>
            <param-name>contextConfigLocation</param-name>
            <param-value>WEB-INF/test-mvc-context.xml</param-value>
        </init-param>
        <load-on-startup>1</load-on-startup>
        <multipart-config>
            <max-file-size>100000000</max-file-size>
            <max-request-size>100000000</max-request-size>
            <file-size-threshold>65536</file-size-threshold>
        </multipart-config>
    </servlet>

    <servlet-mapping>
        <servlet-name>Spring MVC Dispatcher Servlet</servlet-name>
        <url-pattern>/</url-pattern>
    </servlet-mapping>

    <filter>
        <filter-name>requestLogger</filter-name>
        <filter-class>org.ikernits.lib.web.RequestLoggerFilter</filter-class>
    </filter>

    <filter-mapping>
        <filter-name>requestLogger</filter-name>
        <url-pattern>/*</url-pattern>
    </filter-mapping>
</web-app>