<?xml version="1.0" encoding="UTF-8"?>
<beans xmlns="http://www.springframework.org/schema/beans"
       xmlns:xsi="http://www.w3.org/2001/XMLSchema-instance"
       xmlns:context="http://www.springframework.org/schema/context"
       xmlns:mvc="http://www.springframework.org/schema/mvc"
       xsi:schemaLocation="
http://www.springframework.org/schema/mvc
http://www.springframework.org/schema/mvc/spring-mvc-4.3.xsd
http://www.springframework.org/schema/beans
http://www.springframework.org/schema/beans/spring-beans-4.3.xsd
http://www.springframework.org/schema/context
http://www.springframework.org/schema/context/spring-context-4.3.xsd
">

    <bean parent="propertyPlaceholderConfigurer"/>

    <bean name="/test_200" class="org.ikernits.lib.jetty.mvc.TestController"/>


    <bean name="org.springframework.web.servlet.handler.BeanNameUrlHandlerMapping"
          class="org.springframework.web.servlet.handler.BeanNameUrlHandlerMapping">
        <property name="order" value="0"/>
    </bean>

    <alias name="org.springframework.web.servlet.handler.BeanNameUrlHandlerMapping"
           alias="beanNameUrlHandlerMapping"/>
    <!--<mvc:resources mapping="/**" order="1" location="classpath:/static/,classpath:/pages/"/>-->
</beans>